<?xml version="1.0" encoding="UTF-8"?>
<robot generator="Robot 7.2 (Python 3.9.1 on win32)" generated="2025-02-11T09:23:20.383837" rpa="false" schemaversion="5">
<suite id="s1" name="Rg" source="C:\Users\jetsada.b\Desktop\GitHub\Doppee_Asgmt\Doppee\Testcase\rg.robot">
<test id="s1-t1" name="TC01 - Registered User Doppee Until Cheack Product ID" line="5">
<kw name="Registered Doppee Website" owner="registered_keyword">
<kw name="Open Browser" owner="SeleniumLibrary">
<msg time="2025-02-11T09:23:20.605763" level="INFO">Opening browser 'chrome' to base url 'https://training-platform.doppio-tech.com'.</msg>
<arg>${url}</arg>
<arg>${browser}</arg>
<doc>Opens a new browser instance to the optional ``url``.</doc>
<status status="PASS" start="2025-02-11T09:23:20.605763" elapsed="2.167907"/>
</kw>
<kw name="Click Element" owner="SeleniumLibrary">
<msg time="2025-02-11T09:23:22.773670" level="INFO">Clicking element '//span[@aria-label='user'][last()]'.</msg>
<arg>${user_icon}</arg>
<doc>Click the element identified by ``locator``.</doc>
<status status="PASS" start="2025-02-11T09:23:22.773670" elapsed="0.141195"/>
</kw>
<kw name="Input Text" owner="SeleniumLibrary">
<msg time="2025-02-11T09:23:22.915864" level="INFO">Typing text 'Autotesting022@gmail.com' into text field '//input[@type='text']'.</msg>
<arg>${login_user}</arg>
<arg>${username}</arg>
<doc>Types the given ``text`` into the text field identified by ``locator``.</doc>
<status status="PASS" start="2025-02-11T09:23:22.915864" elapsed="0.165587"/>
</kw>
<kw name="Input Text" owner="SeleniumLibrary">
<msg time="2025-02-11T09:23:23.082690" level="INFO">Typing text 'Auto022*' into text field '//input[@type='password']'.</msg>
<arg>${login_pass}</arg>
<arg>${password}</arg>
<doc>Types the given ``text`` into the text field identified by ``locator``.</doc>
<status status="PASS" start="2025-02-11T09:23:23.082690" elapsed="0.145802"/>
</kw>
<kw name="Click Element" owner="SeleniumLibrary">
<msg time="2025-02-11T09:23:23.228492" level="INFO">Clicking element '//button/span[text()='Login']'.</msg>
<arg>${login_btn}</arg>
<doc>Click the element identified by ``locator``.</doc>
<status status="PASS" start="2025-02-11T09:23:23.228492" elapsed="0.092835"/>
</kw>
<kw name="Wait Until Element Is Visible" owner="SeleniumLibrary">
<arg>${login_modal}</arg>
<arg>${timeout}</arg>
<doc>Waits until the element ``locator`` is visible.</doc>
<status status="PASS" start="2025-02-11T09:23:23.321327" elapsed="0.257100"/>
</kw>
<kw name="Click Element" owner="SeleniumLibrary">
<msg time="2025-02-11T09:23:23.578427" level="INFO">Clicking element '//button/span[text()='OK']'.</msg>
<arg>${login_modal_OK}</arg>
<doc>Click the element identified by ``locator``.</doc>
<status status="PASS" start="2025-02-11T09:23:23.578427" elapsed="0.101027"/>
</kw>
<status status="PASS" start="2025-02-11T09:23:20.605763" elapsed="3.073691"/>
</kw>
<kw name="Doppee Search Product" owner="searchitem_keyword">
<kw name="Wait Until Element Is Visible" owner="SeleniumLibrary">
<arg>${place_holder}</arg>
<arg>${timeout}</arg>
<doc>Waits until the element ``locator`` is visible.</doc>
<status status="PASS" start="2025-02-11T09:23:23.679454" elapsed="0.020835"/>
</kw>
<kw name="Input Text" owner="SeleniumLibrary">
<msg time="2025-02-11T09:23:23.701294" level="INFO">Typing text 'phone' into text field '//input[@type='text']'.</msg>
<arg>${input_product}</arg>
<arg>${product}</arg>
<doc>Types the given ``text`` into the text field identified by ``locator``.</doc>
<status status="PASS" start="2025-02-11T09:23:23.701294" elapsed="0.143892"/>
</kw>
<kw name="Click Element" owner="SeleniumLibrary">
<msg time="2025-02-11T09:23:23.847636" level="INFO">Clicking element '//span/button[@type='button']'.</msg>
<arg>${search_icon}</arg>
<doc>Click the element identified by ``locator``.</doc>
<status status="PASS" start="2025-02-11T09:23:23.847636" elapsed="0.069431"/>
</kw>
<kw name="Wait Until Element Is Visible" owner="SeleniumLibrary">
<arg>${product_card}</arg>
<arg>${timeout}</arg>
<doc>Waits until the element ``locator`` is visible.</doc>
<status status="PASS" start="2025-02-11T09:23:23.917067" elapsed="0.233912"/>
</kw>
<kw name="Click Element" owner="SeleniumLibrary">
<msg time="2025-02-11T09:23:24.150979" level="INFO">Clicking element '//div[@class='ant-card-cover']/img[@src='https://t4.ftcdn.net/jpg/03/01/83/01/360_F_301830112_dSHXcFf9OHOj6HBpaDsAa1gAtz3hwheP.jpg']'.</msg>
<arg>${product_card}</arg>
<doc>Click the element identified by ``locator``.</doc>
<status status="PASS" start="2025-02-11T09:23:24.150979" elapsed="0.064360"/>
</kw>
<kw name="Wait Until Element Is Visible" owner="SeleniumLibrary">
<arg>${product_add_page}</arg>
<arg>${timeout}</arg>
<doc>Waits until the element ``locator`` is visible.</doc>
<status status="PASS" start="2025-02-11T09:23:24.215339" elapsed="0.228490"/>
</kw>
<kw name="Click Element" owner="SeleniumLibrary">
<msg time="2025-02-11T09:23:24.443829" level="INFO">Clicking element '//button[@type='button']/span[text()='Add to cart']'.</msg>
<arg>${product_add}</arg>
<doc>Click the element identified by ``locator``.</doc>
<status status="PASS" start="2025-02-11T09:23:24.443829" elapsed="0.066377"/>
</kw>
<kw name="Wait Until Element Is Visible" owner="SeleniumLibrary">
<arg>${product_modal}</arg>
<arg>${timeout}</arg>
<doc>Waits until the element ``locator`` is visible.</doc>
<status status="PASS" start="2025-02-11T09:23:24.510206" elapsed="0.252114"/>
</kw>
<kw name="Click Element" owner="SeleniumLibrary">
<msg time="2025-02-11T09:23:24.762320" level="INFO">Clicking element '//button[@type='button']/span[text()='OK']'.</msg>
<arg>${product_modal_ok}</arg>
<doc>Click the element identified by ``locator``.</doc>
<status status="PASS" start="2025-02-11T09:23:24.762320" elapsed="0.068620"/>
</kw>
<status status="PASS" start="2025-02-11T09:23:23.679454" elapsed="1.151486"/>
</kw>
<kw name="Doppee Delivery Product" owner="deliveryitem_keyword">
<kw name="Click Element" owner="SeleniumLibrary">
<msg time="2025-02-11T09:23:24.830940" level="INFO">Clicking element '//span[@aria-label='shopping-cart'][last()]'.</msg>
<arg>${cart_icon}</arg>
<doc>Click the element identified by ``locator``.</doc>
<status status="PASS" start="2025-02-11T09:23:24.830940" elapsed="0.323093"/>
</kw>
<kw name="Wait Until Element Is Visible" owner="SeleniumLibrary">
<arg>${form_info}</arg>
<arg>${timeout}</arg>
<doc>Waits until the element ``locator`` is visible.</doc>
<status status="PASS" start="2025-02-11T09:23:25.154033" elapsed="0.025185"/>
</kw>
<kw name="Input Text" owner="SeleniumLibrary">
<msg time="2025-02-11T09:23:25.179218" level="INFO">Typing text 'Jetsada' into text field '//input[@placeholder='Name' and @type='text']'.</msg>
<arg>${name_info}</arg>
<arg>${name}</arg>
<doc>Types the given ``text`` into the text field identified by ``locator``.</doc>
<status status="PASS" start="2025-02-11T09:23:25.179218" elapsed="0.115061"/>
</kw>
<kw name="Input Text" owner="SeleniumLibrary">
<msg time="2025-02-11T09:23:25.294790" level="INFO">Typing text 'Binaibrohim' into text field '//input[@placeholder='Surname' and @type='text']'.</msg>
<arg>${surname_info}</arg>
<arg>${surname}</arg>
<doc>Types the given ``text`` into the text field identified by ``locator``.</doc>
<status status="PASS" start="2025-02-11T09:23:25.294279" elapsed="0.112909"/>
</kw>
<kw name="Input Text" owner="SeleniumLibrary">
<msg time="2025-02-11T09:23:25.408326" level="INFO">Typing text 'Thailand,Samutprakhan' into text field '//input[@placeholder='Shipping address' and @type='text']'.</msg>
<arg>${address_info}</arg>
<arg>${address}</arg>
<doc>Types the given ``text`` into the text field identified by ``locator``.</doc>
<status status="PASS" start="2025-02-11T09:23:25.407188" elapsed="0.150971"/>
</kw>
<kw name="Input Text" owner="SeleniumLibrary">
<msg time="2025-02-11T09:23:25.558159" level="INFO">Typing text '0847776666' into text field '//input[@placeholder='Phone number' and @type='text']'.</msg>
<arg>${phone_info}</arg>
<arg>${phone}</arg>
<doc>Types the given ``text`` into the text field identified by ``locator``.</doc>
<status status="PASS" start="2025-02-11T09:23:25.558159" elapsed="0.108756"/>
</kw>
<kw name="Wait Until Element Is Visible" owner="SeleniumLibrary">
<arg>${email_info}</arg>
<arg>${timeout}</arg>
<doc>Waits until the element ``locator`` is visible.</doc>
<status status="PASS" start="2025-02-11T09:23:25.667925" elapsed="0.011250"/>
</kw>
<kw name="Get Value" owner="SeleniumLibrary">
<msg time="2025-02-11T09:23:25.704687" level="INFO">${email_value} = autotesting022@gmail.com</msg>
<var>${email_value}</var>
<arg>${email_info}</arg>
<doc>Returns the value attribute of the element identified by ``locator``.</doc>
<status status="PASS" start="2025-02-11T09:23:25.679175" elapsed="0.025512"/>
</kw>
<kw name="Should Not Be Empty" owner="BuiltIn">
<msg time="2025-02-11T09:23:25.704687" level="INFO">Length is 24.</msg>
<arg>${email_value}</arg>
<doc>Verifies that the given item is not empty.</doc>
<status status="PASS" start="2025-02-11T09:23:25.704687" elapsed="0.000000"/>
</kw>
<kw name="Page Should Contain" owner="SeleniumLibrary">
<msg time="2025-02-11T09:23:25.721168" level="INFO">Current page contains text 'Coppee phone 1'.</msg>
<arg>${product_name}</arg>
<doc>Verifies that current page contains ``text``.</doc>
<status status="PASS" start="2025-02-11T09:23:25.704687" elapsed="0.016481"/>
</kw>
<kw name="Page Should Contain" owner="SeleniumLibrary">
<msg time="2025-02-11T09:23:25.736143" level="INFO">Current page contains text '49980'.</msg>
<arg>${price}</arg>
<doc>Verifies that current page contains ``text``.</doc>
<status status="PASS" start="2025-02-11T09:23:25.721168" elapsed="0.014975"/>
</kw>
<kw name="Page Should Contain" owner="SeleniumLibrary">
<msg time="2025-02-11T09:23:25.752958" level="INFO">Current page contains text 'Total : 49980 THB'.</msg>
<arg>${total}</arg>
<doc>Verifies that current page contains ``text``.</doc>
<status status="PASS" start="2025-02-11T09:23:25.736143" elapsed="0.016815"/>
</kw>
<status status="PASS" start="2025-02-11T09:23:24.830940" elapsed="0.922018"/>
</kw>
<kw name="Payment Product Method" owner="payment_keyword">
<kw name="Click Element" owner="SeleniumLibrary">
<msg time="2025-02-11T09:23:25.752958" level="INFO">Clicking element '//button/span[text()='PAY']'.</msg>
<arg>${pay_button}</arg>
<doc>Click the element identified by ``locator``.</doc>
<status status="PASS" start="2025-02-11T09:23:25.752958" elapsed="0.110037"/>
</kw>
<kw name="Page Should Contain" owner="SeleniumLibrary">
<msg time="2025-02-11T09:23:25.879446" level="INFO">Current page contains text 'Credit Card'.</msg>
<arg>${method}</arg>
<doc>Verifies that current page contains ``text``.</doc>
<status status="PASS" start="2025-02-11T09:23:25.862995" elapsed="0.016451"/>
</kw>
<kw name="Click Element" owner="SeleniumLibrary">
<msg time="2025-02-11T09:23:25.879446" level="INFO">Clicking element '//button/span[text()='Next']'.</msg>
<arg>${next_button}</arg>
<doc>Click the element identified by ``locator``.</doc>
<status status="PASS" start="2025-02-11T09:23:25.879446" elapsed="0.098280"/>
</kw>
<kw name="Input Text" owner="SeleniumLibrary">
<msg time="2025-02-11T09:23:25.978725" level="INFO">Typing text '4111111111111111' into text field '//input[@id='basic_bin']'.</msg>
<arg>${card_number}</arg>
<arg>${creditnumber}</arg>
<doc>Types the given ``text`` into the text field identified by ``locator``.</doc>
<status status="PASS" start="2025-02-11T09:23:25.978725" elapsed="0.126166"/>
</kw>
<kw name="Input Text" owner="SeleniumLibrary">
<msg time="2025-02-11T09:23:26.105974" level="INFO">Typing text '01/2030' into text field '//input[@id='basic_exp']'.</msg>
<arg>${exp_date}</arg>
<arg>${exp}</arg>
<doc>Types the given ``text`` into the text field identified by ``locator``.</doc>
<status status="PASS" start="2025-02-11T09:23:26.105974" elapsed="0.084648"/>
</kw>
<kw name="Input Text" owner="SeleniumLibrary">
<msg time="2025-02-11T09:23:26.191860" level="INFO">Typing text '514' into text field '//input[@id='basic_cvc']'.</msg>
<arg>${cvc_code}</arg>
<arg>${cvc}</arg>
<doc>Types the given ``text`` into the text field identified by ``locator``.</doc>
<status status="PASS" start="2025-02-11T09:23:26.190622" elapsed="0.082283"/>
</kw>
<kw name="Input Text" owner="SeleniumLibrary">
<msg time="2025-02-11T09:23:26.273908" level="INFO">Typing text 'ZhanHua Meiling' into text field '//input[@id='basic_owner']'.</msg>
<arg>${card_owner}</arg>
<arg>${cardname}</arg>
<doc>Types the given ``text`` into the text field identified by ``locator``.</doc>
<status status="PASS" start="2025-02-11T09:23:26.272905" elapsed="0.122135"/>
</kw>
<kw name="Click Element" owner="SeleniumLibrary">
<msg time="2025-02-11T09:23:26.396138" level="INFO">Clicking element '//button/span[text()='Confirm Payment']'.</msg>
<arg>${Confirm_button}</arg>
<doc>Click the element identified by ``locator``.</doc>
<status status="PASS" start="2025-02-11T09:23:26.396138" elapsed="0.082972"/>
</kw>
<kw name="Wait Until Element Is Visible" owner="SeleniumLibrary">
<arg>${payment_modal}</arg>
<arg>${timeout}</arg>
<doc>Waits until the element ``locator`` is visible.</doc>
<status status="PASS" start="2025-02-11T09:23:26.479110" elapsed="0.233827"/>
</kw>
<kw name="Click Element" owner="SeleniumLibrary">
<msg time="2025-02-11T09:23:26.712937" level="INFO">Clicking element '//button/span[text()='OK']'.</msg>
<arg>${payment_modal_ok}</arg>
<doc>Click the element identified by ``locator``.</doc>
<status status="PASS" start="2025-02-11T09:23:26.712937" elapsed="0.076986"/>
</kw>
<kw name="Wait Until Element Is Visible" owner="SeleniumLibrary">
<arg>${payment_deteils}</arg>
<arg>${timeout}</arg>
<doc>Waits until the element ``locator`` is visible.</doc>
<status status="PASS" start="2025-02-11T09:23:26.789923" elapsed="0.253708"/>
</kw>
<kw name="Element Should Be Visible" owner="SeleniumLibrary">
<msg time="2025-02-11T09:23:27.059579" level="INFO">Element '//div[@class='success-description']' is displayed.</msg>
<arg>${payment_deteils}</arg>
<doc>Verifies that the element identified by ``locator`` is visible.</doc>
<status status="PASS" start="2025-02-11T09:23:27.043631" elapsed="0.015948"/>
</kw>
<kw name="Click Element" owner="SeleniumLibrary">
<msg time="2025-02-11T09:23:27.059579" level="INFO">Clicking element '//button/span[text()='Continue Shopping']'.</msg>
<arg>${payment_continue}</arg>
<doc>Click the element identified by ``locator``.</doc>
<status status="PASS" start="2025-02-11T09:23:27.059579" elapsed="0.074926"/>
</kw>
<kw name="Click Element" owner="SeleniumLibrary">
<msg time="2025-02-11T09:23:27.134505" level="INFO">Clicking element '//span[@aria-label='user'][last()]'.</msg>
<arg>${user_icon}</arg>
<doc>Click the element identified by ``locator``.</doc>
<status status="PASS" start="2025-02-11T09:23:27.134505" elapsed="0.059186"/>
</kw>
<kw name="Wait Until Element Is Visible" owner="SeleniumLibrary">
<arg>${product_order}</arg>
<arg>${timeout}</arg>
<doc>Waits until the element ``locator`` is visible.</doc>
<status status="PASS" start="2025-02-11T09:23:27.193691" elapsed="0.230909"/>
</kw>
<kw name="Should Not Be Empty" owner="BuiltIn">
<msg time="2025-02-11T09:23:27.424600" level="INFO">Length is 56.</msg>
<arg>${status_id}</arg>
<doc>Verifies that the given item is not empty.</doc>
<status status="PASS" start="2025-02-11T09:23:27.424600" elapsed="0.000000"/>
</kw>
<kw name="Should Not Be Empty" owner="BuiltIn">
<msg time="2025-02-11T09:23:27.425598" level="INFO">Length is 55.</msg>
<arg>${status_order}</arg>
<doc>Verifies that the given item is not empty.</doc>
<status status="PASS" start="2025-02-11T09:23:27.424600" elapsed="0.000998"/>
</kw>
<status status="PASS" start="2025-02-11T09:23:25.752958" elapsed="1.672640"/>
</kw>
<tag>Registered</tag>
<status status="PASS" start="2025-02-11T09:23:20.605763" elapsed="6.819835"/>
</test>
<status status="PASS" start="2025-02-11T09:23:20.399523" elapsed="7.026854"/>
</suite>
<statistics>
<total>
<stat pass="1" fail="0" skip="0">All Tests</stat>
</total>
<tag>
<stat pass="1" fail="0" skip="0">Registered</stat>
</tag>
<suite>
<stat name="Rg" id="s1" pass="1" fail="0" skip="0">Rg</stat>
</suite>
</statistics>
<errors>
</errors>
</robot>
